[1/2] "C:/Program Files/CMake/bin/cmake.exe" -E chdir ".." "C:/Program Files/CMake/bin/cmake.exe" "C:/Users/phyre/Desktop/Pandora/PandoraFiveM/vcpkg_installed/vcpkg/blds/curl/src/curl-8_8_0-2aeb14236b.clean" "-G" "Ninja" "-DCMAKE_BUILD_TYPE=Release" "-DCMAKE_INSTALL_PREFIX=C:/Users/phyre/Desktop/Pandora/PandoraFiveM/vcpkg_installed/vcpkg/pkgs/curl_x64-windows" "-DFETCHCONTENT_FULLY_DISCONNECTED=ON" "-DCMAKE_PROJECT_INCLUDE=C:/Users/phyre/AppData/Local/vcpkg/registries/git-trees/b4644cbe68d83d9778be65efb28cee3a3e0e4f46/cmake-project-include.cmake" "-DPKG_CONFIG_EXECUTABLE=C:/Users/phyre/AppData/Local/vcpkg/downloads/tools/msys2/d33df895d441a36d/mingw64/bin/pkg-config.exe" "-DUSE_NGHTTP2=OFF" "-DCURL_USE_WOLFSSL=OFF" "-DCURL_USE_OPENSSL=OFF" "-DCURL_USE_MBEDTLS=OFF" "-DCURL_USE_LIBSSH2=OFF" "-DBUILD_CURL_EXE=OFF" "-DENABLE_ARES=OFF" "-DCURL_WINDOWS_SSPI=ON" "-DCURL_BROTLI=OFF" "-DCURL_USE_SCHANNEL=ON" "-DCURL_USE_SECTRANSP=OFF" "-DUSE_LIBIDN2=OFF" "-DUSE_WIN32_IDN=OFF" "-DENABLE_WEBSOCKETS=OFF" "-DCURL_ZSTD=OFF" "-DCURL_USE_LIBPSL=OFF" "-DCURL_USE_GSSAPI=OFF" "-DCURL_DISABLE_LDAP=ON" "-DCURL_DISABLE_LDAPS=ON" "-DHTTP_ONLY=OFF" "-DENABLE_UNICODE=ON" "-DBUILD_TESTING=OFF" "-DENABLE_CURL_MANUAL=OFF" "-DCURL_CA_FALLBACK=ON" "-DCMAKE_DISABLE_FIND_PACKAGE_Perl=ON" "-DCMAKE_MAKE_PROGRAM=C:/Program Files/Microsoft Visual Studio/2022/Community/Common7/IDE/CommonExtensions/Microsoft/CMake/Ninja/ninja.exe" "-DBUILD_SHARED_LIBS=ON" "-DVCPKG_CHAINLOAD_TOOLCHAIN_FILE=C:/Program Files/Microsoft Visual Studio/2022/Community/VC/vcpkg/scripts/toolchains/windows.cmake" "-DVCPKG_TARGET_TRIPLET=x64-windows" "-DVCPKG_SET_CHARSET_FLAG=ON" "-DVCPKG_PLATFORM_TOOLSET=v143" "-DCMAKE_EXPORT_NO_PACKAGE_REGISTRY=ON" "-DCMAKE_FIND_PACKAGE_NO_PACKAGE_REGISTRY=ON" "-DCMAKE_FIND_PACKAGE_NO_SYSTEM_PACKAGE_REGISTRY=ON" "-DCMAKE_INSTALL_SYSTEM_RUNTIME_LIBS_SKIP=TRUE" "-DCMAKE_VERBOSE_MAKEFILE=ON" "-DVCPKG_APPLOCAL_DEPS=OFF" "-DCMAKE_TOOLCHAIN_FILE=C:/Program Files/Microsoft Visual Studio/2022/Community/VC/vcpkg/scripts/buildsystems/vcpkg.cmake" "-DCMAKE_ERROR_ON_ABSOLUTE_INSTALL_DESTINATION=ON" "-DVCPKG_CXX_FLAGS=" "-DVCPKG_CXX_FLAGS_RELEASE=" "-DVCPKG_CXX_FLAGS_DEBUG=" "-DVCPKG_C_FLAGS=" "-DVCPKG_C_FLAGS_RELEASE=" "-DVCPKG_C_FLAGS_DEBUG=" "-DVCPKG_CRT_LINKAGE=dynamic" "-DVCPKG_LINKER_FLAGS=" "-DVCPKG_LINKER_FLAGS_RELEASE=" "-DVCPKG_LINKER_FLAGS_DEBUG=" "-DVCPKG_TARGET_ARCHITECTURE=x64" "-DCMAKE_INSTALL_LIBDIR:STRING=lib" "-DCMAKE_INSTALL_BINDIR:STRING=bin" "-D_VCPKG_ROOT_DIR=C:/Program Files/Microsoft Visual Studio/2022/Community/VC/vcpkg" "-D_VCPKG_INSTALLED_DIR=C:/Users/phyre/Desktop/Pandora/PandoraFiveM/vcpkg_installed" "-DVCPKG_MANIFEST_INSTALL=OFF"
-- Using CMake version 3.31.2
CMake Deprecation Warning at C:/Program Files/Microsoft Visual Studio/2022/Community/VC/vcpkg/scripts/buildsystems/vcpkg.cmake:40 (cmake_policy):
  Compatibility with CMake < 3.10 will be removed from a future version of
  CMake.

  Update the VERSION argument <min> value.  Or, use the <min>...<max> syntax
  to tell CMake that the project requires at least <min> but has been updated
  to work with policies introduced by <max> or earlier.
Call Stack (most recent call first):
  C:/Program Files/CMake/share/cmake-3.31/Modules/CMakeDetermineSystem.cmake:146 (include)
  CMakeLists.txt:55 (project)


CMake Deprecation Warning at C:/Program Files/Microsoft Visual Studio/2022/Community/VC/vcpkg/scripts/buildsystems/vcpkg.cmake:878 (cmake_policy):
  Compatibility with CMake < 3.10 will be removed from a future version of
  CMake.

  Update the VERSION argument <min> value.  Or, use the <min>...<max> syntax
  to tell CMake that the project requires at least <min> but has been updated
  to work with policies introduced by <max> or earlier.
Call Stack (most recent call first):
  C:/Program Files/CMake/share/cmake-3.31/Modules/CMakeDetermineSystem.cmake:146 (include)
  CMakeLists.txt:55 (project)


CMake Deprecation Warning at C:/Program Files/Microsoft Visual Studio/2022/Community/VC/vcpkg/scripts/buildsystems/vcpkg.cmake:40 (cmake_policy):
  Compatibility with CMake < 3.10 will be removed from a future version of
  CMake.

  Update the VERSION argument <min> value.  Or, use the <min>...<max> syntax
  to tell CMake that the project requires at least <min> but has been updated
  to work with policies introduced by <max> or earlier.
Call Stack (most recent call first):
  C:/Users/phyre/Desktop/Pandora/PandoraFiveM/vcpkg_installed/vcpkg/blds/curl/x64-windows-rel/CMakeFiles/3.31.2/CMakeSystem.cmake:6 (include)
  CMakeLists.txt:55 (project)


-- The C compiler identification is MSVC 19.41.34123.0
-- Detecting C compiler ABI info
CMake Deprecation Warning at C:/Program Files/Microsoft Visual Studio/2022/Community/VC/vcpkg/scripts/buildsystems/vcpkg.cmake:40 (cmake_policy):
  Compatibility with CMake < 3.10 will be removed from a future version of
  CMake.

  Update the VERSION argument <min> value.  Or, use the <min>...<max> syntax
  to tell CMake that the project requires at least <min> but has been updated
  to work with policies introduced by <max> or earlier.
Call Stack (most recent call first):
  C:/Users/phyre/Desktop/Pandora/PandoraFiveM/vcpkg_installed/vcpkg/blds/curl/x64-windows-rel/CMakeFiles/3.31.2/CMakeSystem.cmake:6 (include)
  C:/Users/phyre/Desktop/Pandora/PandoraFiveM/vcpkg_installed/vcpkg/blds/curl/x64-windows-rel/CMakeFiles/CMakeScratch/TryCompile-usdbbj/CMakeLists.txt:7 (project)


CMake Deprecation Warning at C:/Program Files/Microsoft Visual Studio/2022/Community/VC/vcpkg/scripts/buildsystems/vcpkg.cmake:878 (cmake_policy):
  Compatibility with CMake < 3.10 will be removed from a future version of
  CMake.

  Update the VERSION argument <min> value.  Or, use the <min>...<max> syntax
  to tell CMake that the project requires at least <min> but has been updated
  to work with policies introduced by <max> or earlier.
Call Stack (most recent call first):
  C:/Users/phyre/Desktop/Pandora/PandoraFiveM/vcpkg_installed/vcpkg/blds/curl/x64-windows-rel/CMakeFiles/3.31.2/CMakeSystem.cmake:6 (include)
  C:/Users/phyre/Desktop/Pandora/PandoraFiveM/vcpkg_installed/vcpkg/blds/curl/x64-windows-rel/CMakeFiles/CMakeScratch/TryCompile-usdbbj/CMakeLists.txt:7 (project)


-- Detecting C compiler ABI info - done
-- Check for working C compiler: C:/Program Files/Microsoft Visual Studio/2022/Community/VC/Tools/MSVC/14.41.34120/bin/Hostx64/x64/cl.exe - skipped
-- Detecting C compile features
-- Detecting C compile features - done
-- curl version=[8.8.0-DEV]
CMake Warning at CMakeLists.txt:323 (message):
  Perl not found.  Will not build manuals.


-- Found ZLIB: optimized;C:/Users/phyre/Desktop/Pandora/PandoraFiveM/vcpkg_installed/x64-windows/lib/zlib.lib;debug;C:/Users/phyre/Desktop/Pandora/PandoraFiveM/vcpkg_installed/x64-windows/debug/lib/zlibd.lib (found version "1.3.1")
-- Performing Test HAVE_WIN32_WINNT
CMake Deprecation Warning at C:/Program Files/Microsoft Visual Studio/2022/Community/VC/vcpkg/scripts/buildsystems/vcpkg.cmake:40 (cmake_policy):
  Compatibility with CMake < 3.10 will be removed from a future version of
  CMake.

  Update the VERSION argument <min> value.  Or, use the <min>...<max> syntax
  to tell CMake that the project requires at least <min> but has been updated
  to work with policies introduced by <max> or earlier.
Call Stack (most recent call first):
  C:/Users/phyre/Desktop/Pandora/PandoraFiveM/vcpkg_installed/vcpkg/blds/curl/x64-windows-rel/CMakeFiles/3.31.2/CMakeSystem.cmake:6 (include)
  C:/Users/phyre/Desktop/Pandora/PandoraFiveM/vcpkg_installed/vcpkg/blds/curl/x64-windows-rel/CMakeFiles/CMakeTmp/CMakeLists.txt:7 (project)


CMake Deprecation Warning at C:/Program Files/Microsoft Visual Studio/2022/Community/VC/vcpkg/scripts/buildsystems/vcpkg.cmake:878 (cmake_policy):
  Compatibility with CMake < 3.10 will be removed from a future version of
  CMake.

  Update the VERSION argument <min> value.  Or, use the <min>...<max> syntax
  to tell CMake that the project requires at least <min> but has been updated
  to work with policies introduced by <max> or earlier.
Call Stack (most recent call first):
  C:/Users/phyre/Desktop/Pandora/PandoraFiveM/vcpkg_installed/vcpkg/blds/curl/x64-windows-rel/CMakeFiles/3.31.2/CMakeSystem.cmake:6 (include)
  C:/Users/phyre/Desktop/Pandora/PandoraFiveM/vcpkg_installed/vcpkg/blds/curl/x64-windows-rel/CMakeFiles/CMakeTmp/CMakeLists.txt:7 (project)


-- Performing Test HAVE_WIN32_WINNT - Success
-- Found _WIN32_WINNT=0x0a00
-- Looking for stdint.h
CMake Deprecation Warning at C:/Program Files/Microsoft Visual Studio/2022/Community/VC/vcpkg/scripts/buildsystems/vcpkg.cmake:40 (cmake_policy):
  Compatibility with CMake < 3.10 will be removed from a future version of
  CMake.

  Update the VERSION argument <min> value.  Or, use the <min>...<max> syntax
  to tell CMake that the project requires at least <min> but has been updated
  to work with policies introduced by <max> or earlier.
Call Stack (most recent call first):
  C:/Users/phyre/Desktop/Pandora/PandoraFiveM/vcpkg_installed/vcpkg/blds/curl/x64-windows-rel/CMakeFiles/3.31.2/CMakeSystem.cmake:6 (include)
  C:/Users/phyre/Desktop/Pandora/PandoraFiveM/vcpkg_installed/vcpkg/blds/curl/x64-windows-rel/CMakeFiles/CMakeScratch/TryCompile-ewdz66/CMakeLists.txt:7 (project)


CMake Deprecation Warning at C:/Program Files/Microsoft Visual Studio/2022/Community/VC/vcpkg/scripts/buildsystems/vcpkg.cmake:878 (cmake_policy):
  Compatibility with CMake < 3.10 will be removed from a future version of
  CMake.

  Update the VERSION argument <min> value.  Or, use the <min>...<max> syntax
  to tell CMake that the project requires at least <min> but has been updated
  to work with policies introduced by <max> or earlier.
Call Stack (most recent call first):
  C:/Users/phyre/Desktop/Pandora/PandoraFiveM/vcpkg_installed/vcpkg/blds/curl/x64-windows-rel/CMakeFiles/3.31.2/CMakeSystem.cmake:6 (include)
  C:/Users/phyre/Desktop/Pandora/PandoraFiveM/vcpkg_installed/vcpkg/blds/curl/x64-windows-rel/CMakeFiles/CMakeScratch/TryCompile-ewdz66/CMakeLists.txt:7 (project)


-- Looking for stdint.h - found
-- Check size of size_t
CMake Deprecation Warning at C:/Program Files/Microsoft Visual Studio/2022/Community/VC/vcpkg/scripts/buildsystems/vcpkg.cmake:40 (cmake_policy):
  Compatibility with CMake < 3.10 will be removed from a future version of
  CMake.

  Update the VERSION argument <min> value.  Or, use the <min>...<max> syntax
  to tell CMake that the project requires at least <min> but has been updated
  to work with policies introduced by <max> or earlier.
Call Stack (most recent call first):
  C:/Users/phyre/Desktop/Pandora/PandoraFiveM/vcpkg_installed/vcpkg/blds/curl/x64-windows-rel/CMakeFiles/3.31.2/CMakeSystem.cmake:6 (include)
  C:/Users/phyre/Desktop/Pandora/PandoraFiveM/vcpkg_installed/vcpkg/blds/curl/x64-windows-rel/CMakeFiles/CMakeScratch/TryCompile-1ck8yu/CMakeLists.txt:7 (project)


CMake Deprecation Warning at C:/Program Files/Microsoft Visual Studio/2022/Community/VC/vcpkg/scripts/buildsystems/vcpkg.cmake:878 (cmake_policy):
  Compatibility with CMake < 3.10 will be removed from a future version of
  CMake.

  Update the VERSION argument <min> value.  Or, use the <min>...<max> syntax
  to tell CMake that the project requires at least <min> but has been updated
  to work with policies introduced by <max> or earlier.
Call Stack (most recent call first):
  C:/Users/phyre/Desktop/Pandora/PandoraFiveM/vcpkg_installed/vcpkg/blds/curl/x64-windows-rel/CMakeFiles/3.31.2/CMakeSystem.cmake:6 (include)
  C:/Users/phyre/Desktop/Pandora/PandoraFiveM/vcpkg_installed/vcpkg/blds/curl/x64-windows-rel/CMakeFiles/CMakeScratch/TryCompile-1ck8yu/CMakeLists.txt:7 (project)


-- Check size of size_t - done
-- Check size of ssize_t
CMake Deprecation Warning at C:/Program Files/Microsoft Visual Studio/2022/Community/VC/vcpkg/scripts/buildsystems/vcpkg.cmake:40 (cmake_policy):
  Compatibility with CMake < 3.10 will be removed from a future version of
  CMake.

  Update the VERSION argument <min> value.  Or, use the <min>...<max> syntax
  to tell CMake that the project requires at least <min> but has been updated
  to work with policies introduced by <max> or earlier.
Call Stack (most recent call first):
  C:/Users/phyre/Desktop/Pandora/PandoraFiveM/vcpkg_installed/vcpkg/blds/curl/x64-windows-rel/CMakeFiles/3.31.2/CMakeSystem.cmake:6 (include)
  C:/Users/phyre/Desktop/Pandora/PandoraFiveM/vcpkg_installed/vcpkg/blds/curl/x64-windows-rel/CMakeFiles/CMakeScratch/TryCompile-xnhdxx/CMakeLists.txt:7 (project)


CMake Deprecation Warning at C:/Program Files/Microsoft Visual Studio/2022/Community/VC/vcpkg/scripts/buildsystems/vcpkg.cmake:878 (cmake_policy):
  Compatibility with CMake < 3.10 will be removed from a future version of
  CMake.

  Update the VERSION argument <min> value.  Or, use the <min>...<max> syntax
  to tell CMake that the project requires at least <min> but has been updated
  to work with policies introduced by <max> or earlier.
Call Stack (most recent call first):
  C:/Users/phyre/Desktop/Pandora/PandoraFiveM/vcpkg_installed/vcpkg/blds/curl/x64-windows-rel/CMakeFiles/3.31.2/CMakeSystem.cmake:6 (include)
  C:/Users/phyre/Desktop/Pandora/PandoraFiveM/vcpkg_installed/vcpkg/blds/curl/x64-windows-rel/CMakeFiles/CMakeScratch/TryCompile-xnhdxx/CMakeLists.txt:7 (project)


-- Check size of ssize_t - failed
-- Check size of long long
CMake Deprecation Warning at C:/Program Files/Microsoft Visual Studio/2022/Community/VC/vcpkg/scripts/buildsystems/vcpkg.cmake:40 (cmake_policy):
  Compatibility with CMake < 3.10 will be removed from a future version of
  CMake.

  Update the VERSION argument <min> value.  Or, use the <min>...<max> syntax
  to tell CMake that the project requires at least <min> but has been updated
  to work with policies introduced by <max> or earlier.
Call Stack (most recent call first):
  C:/Users/phyre/Desktop/Pandora/PandoraFiveM/vcpkg_installed/vcpkg/blds/curl/x64-windows-rel/CMakeFiles/3.31.2/CMakeSystem.cmake:6 (include)
  C:/Users/phyre/Desktop/Pandora/PandoraFiveM/vcpkg_installed/vcpkg/blds/curl/x64-windows-rel/CMakeFiles/CMakeScratch/TryCompile-08zzee/CMakeLists.txt:7 (project)


CMake Deprecation Warning at C:/Program Files/Microsoft Visual Studio/2022/Community/VC/vcpkg/scripts/buildsystems/vcpkg.cmake:878 (cmake_policy):
  Compatibility with CMake < 3.10 will be removed from a future version of
  CMake.

  Update the VERSION argument <min> value.  Or, use the <min>...<max> syntax
  to tell CMake that the project requires at least <min> but has been updated
  to work with policies introduced by <max> or earlier.
Call Stack (most recent call first):
  C:/Users/phyre/Desktop/Pandora/PandoraFiveM/vcpkg_installed/vcpkg/blds/curl/x64-windows-rel/CMakeFiles/3.31.2/CMakeSystem.cmake:6 (include)
  C:/Users/phyre/Desktop/Pandora/PandoraFiveM/vcpkg_installed/vcpkg/blds/curl/x64-windows-rel/CMakeFiles/CMakeScratch/TryCompile-08zzee/CMakeLists.txt:7 (project)


-- Check size of long long - done
-- Check size of long
CMake Deprecation Warning at C:/Program Files/Microsoft Visual Studio/2022/Community/VC/vcpkg/scripts/buildsystems/vcpkg.cmake:40 (cmake_policy):
  Compatibility with CMake < 3.10 will be removed from a future version of
  CMake.

  Update the VERSION argument <min> value.  Or, use the <min>...<max> syntax
  to tell CMake that the project requires at least <min> but has been updated
  to work with policies introduced by <max> or earlier.
Call Stack (most recent call first):
  C:/Users/phyre/Desktop/Pandora/PandoraFiveM/vcpkg_installed/vcpkg/blds/curl/x64-windows-rel/CMakeFiles/3.31.2/CMakeSystem.cmake:6 (include)
  C:/Users/phyre/Desktop/Pandora/PandoraFiveM/vcpkg_installed/vcpkg/blds/curl/x64-windows-rel/CMakeFiles/CMakeScratch/TryCompile-2amggz/CMakeLists.txt:7 (project)


CMake Deprecation Warning at C:/Program Files/Microsoft Visual Studio/2022/Community/VC/vcpkg/scripts/buildsystems/vcpkg.cmake:878 (cmake_policy):
  Compatibility with CMake < 3.10 will be removed from a future version of
  CMake.

  Update the VERSION argument <min> value.  Or, use the <min>...<max> syntax
  to tell CMake that the project requires at least <min> but has been updated
  to work with policies introduced by <max> or earlier.
Call Stack (most recent call first):
  C:/Users/phyre/Desktop/Pandora/PandoraFiveM/vcpkg_installed/vcpkg/blds/curl/x64-windows-rel/CMakeFiles/3.31.2/CMakeSystem.cmake:6 (include)
  C:/Users/phyre/Desktop/Pandora/PandoraFiveM/vcpkg_installed/vcpkg/blds/curl/x64-windows-rel/CMakeFiles/CMakeScratch/TryCompile-2amggz/CMakeLists.txt:7 (project)


-- Check size of long - done
-- Check size of int
CMake Deprecation Warning at C:/Program Files/Microsoft Visual Studio/2022/Community/VC/vcpkg/scripts/buildsystems/vcpkg.cmake:40 (cmake_policy):
  Compatibility with CMake < 3.10 will be removed from a future version of
  CMake.

  Update the VERSION argument <min> value.  Or, use the <min>...<max> syntax
  to tell CMake that the project requires at least <min> but has been updated
  to work with policies introduced by <max> or earlier.
Call Stack (most recent call first):
  C:/Users/phyre/Desktop/Pandora/PandoraFiveM/vcpkg_installed/vcpkg/blds/curl/x64-windows-rel/CMakeFiles/3.31.2/CMakeSystem.cmake:6 (include)
  C:/Users/phyre/Desktop/Pandora/PandoraFiveM/vcpkg_installed/vcpkg/blds/curl/x64-windows-rel/CMakeFiles/CMakeScratch/TryCompile-zytflb/CMakeLists.txt:7 (project)


CMake Deprecation Warning at C:/Program Files/Microsoft Visual Studio/2022/Community/VC/vcpkg/scripts/buildsystems/vcpkg.cmake:878 (cmake_policy):
  Compatibility with CMake < 3.10 will be removed from a future version of
  CMake.

  Update the VERSION argument <min> value.  Or, use the <min>...<max> syntax
  to tell CMake that the project requires at least <min> but has been updated
  to work with policies introduced by <max> or earlier.
Call Stack (most recent call first):
  C:/Users/phyre/Desktop/Pandora/PandoraFiveM/vcpkg_installed/vcpkg/blds/curl/x64-windows-rel/CMakeFiles/3.31.2/CMakeSystem.cmake:6 (include)
  C:/Users/phyre/Desktop/Pandora/PandoraFiveM/vcpkg_installed/vcpkg/blds/curl/x64-windows-rel/CMakeFiles/CMakeScratch/TryCompile-zytflb/CMakeLists.txt:7 (project)


-- Check size of int - done
-- Check size of __int64
CMake Deprecation Warning at C:/Program Files/Microsoft Visual Studio/2022/Community/VC/vcpkg/scripts/buildsystems/vcpkg.cmake:40 (cmake_policy):
  Compatibility with CMake < 3.10 will be removed from a future version of
  CMake.

  Update the VERSION argument <min> value.  Or, use the <min>...<max> syntax
  to tell CMake that the project requires at least <min> but has been updated
  to work with policies introduced by <max> or earlier.
Call Stack (most recent call first):
  C:/Users/phyre/Desktop/Pandora/PandoraFiveM/vcpkg_installed/vcpkg/blds/curl/x64-windows-rel/CMakeFiles/3.31.2/CMakeSystem.cmake:6 (include)
  C:/Users/phyre/Desktop/Pandora/PandoraFiveM/vcpkg_installed/vcpkg/blds/curl/x64-windows-rel/CMakeFiles/CMakeScratch/TryCompile-dtq8ne/CMakeLists.txt:7 (project)


CMake Deprecation Warning at C:/Program Files/Microsoft Visual Studio/2022/Community/VC/vcpkg/scripts/buildsystems/vcpkg.cmake:878 (cmake_policy):
  Compatibility with CMake < 3.10 will be removed from a future version of
  CMake.

  Update the VERSION argument <min> value.  Or, use the <min>...<max> syntax
  to tell CMake that the project requires at least <min> but has been updated
  to work with policies introduced by <max> or earlier.
Call Stack (most recent call first):
  C:/Users/phyre/Desktop/Pandora/PandoraFiveM/vcpkg_installed/vcpkg/blds/curl/x64-windows-rel/CMakeFiles/3.31.2/CMakeSystem.cmake:6 (include)
  C:/Users/phyre/Desktop/Pandora/PandoraFiveM/vcpkg_installed/vcpkg/blds/curl/x64-windows-rel/CMakeFiles/CMakeScratch/TryCompile-dtq8ne/CMakeLists.txt:7 (project)


-- Check size of __int64 - done
-- Check size of time_t
CMake Deprecation Warning at C:/Program Files/Microsoft Visual Studio/2022/Community/VC/vcpkg/scripts/buildsystems/vcpkg.cmake:40 (cmake_policy):
  Compatibility with CMake < 3.10 will be removed from a future version of
  CMake.

  Update the VERSION argument <min> value.  Or, use the <min>...<max> syntax
  to tell CMake that the project requires at least <min> but has been updated
  to work with policies introduced by <max> or earlier.
Call Stack (most recent call first):
  C:/Users/phyre/Desktop/Pandora/PandoraFiveM/vcpkg_installed/vcpkg/blds/curl/x64-windows-rel/CMakeFiles/3.31.2/CMakeSystem.cmake:6 (include)
  C:/Users/phyre/Desktop/Pandora/PandoraFiveM/vcpkg_installed/vcpkg/blds/curl/x64-windows-rel/CMakeFiles/CMakeScratch/TryCompile-dzmshd/CMakeLists.txt:7 (project)


CMake Deprecation Warning at C:/Program Files/Microsoft Visual Studio/2022/Community/VC/vcpkg/scripts/buildsystems/vcpkg.cmake:878 (cmake_policy):
  Compatibility with CMake < 3.10 will be removed from a future version of
  CMake.

  Update the VERSION argument <min> value.  Or, use the <min>...<max> syntax
  to tell CMake that the project requires at least <min> but has been updated
  to work with policies introduced by <max> or earlier.
Call Stack (most recent call first):
  C:/Users/phyre/Desktop/Pandora/PandoraFiveM/vcpkg_installed/vcpkg/blds/curl/x64-windows-rel/CMakeFiles/3.31.2/CMakeSystem.cmake:6 (include)
  C:/Users/phyre/Desktop/Pandora/PandoraFiveM/vcpkg_installed/vcpkg/blds/curl/x64-windows-rel/CMakeFiles/CMakeScratch/TryCompile-dzmshd/CMakeLists.txt:7 (project)


-- Check size of time_t - done
-- Check size of ADDRESS_FAMILY
CMake Deprecation Warning at C:/Program Files/Microsoft Visual Studio/2022/Community/VC/vcpkg/scripts/buildsystems/vcpkg.cmake:40 (cmake_policy):
  Compatibility with CMake < 3.10 will be removed from a future version of
  CMake.

  Update the VERSION argument <min> value.  Or, use the <min>...<max> syntax
  to tell CMake that the project requires at least <min> but has been updated
  to work with policies introduced by <max> or earlier.
Call Stack (most recent call first):
  C:/Users/phyre/Desktop/Pandora/PandoraFiveM/vcpkg_installed/vcpkg/blds/curl/x64-windows-rel/CMakeFiles/3.31.2/CMakeSystem.cmake:6 (include)
  C:/Users/phyre/Desktop/Pandora/PandoraFiveM/vcpkg_installed/vcpkg/blds/curl/x64-windows-rel/CMakeFiles/CMakeScratch/TryCompile-7vk4kq/CMakeLists.txt:7 (project)


CMake Deprecation Warning at C:/Program Files/Microsoft Visual Studio/2022/Community/VC/vcpkg/scripts/buildsystems/vcpkg.cmake:878 (cmake_policy):
  Compatibility with CMake < 3.10 will be removed from a future version of
  CMake.

  Update the VERSION argument <min> value.  Or, use the <min>...<max> syntax
  to tell CMake that the project requires at least <min> but has been updated
  to work with policies introduced by <max> or earlier.
Call Stack (most recent call first):
  C:/Users/phyre/Desktop/Pandora/PandoraFiveM/vcpkg_installed/vcpkg/blds/curl/x64-windows-rel/CMakeFiles/3.31.2/CMakeSystem.cmake:6 (include)
  C:/Users/phyre/Desktop/Pandora/PandoraFiveM/vcpkg_installed/vcpkg/blds/curl/x64-windows-rel/CMakeFiles/CMakeScratch/TryCompile-7vk4kq/CMakeLists.txt:7 (project)


-- Check size of ADDRESS_FAMILY - done
-- Check size of off_t
CMake Deprecation Warning at C:/Program Files/Microsoft Visual Studio/2022/Community/VC/vcpkg/scripts/buildsystems/vcpkg.cmake:40 (cmake_policy):
  Compatibility with CMake < 3.10 will be removed from a future version of
  CMake.

  Update the VERSION argument <min> value.  Or, use the <min>...<max> syntax
  to tell CMake that the project requires at least <min> but has been updated
  to work with policies introduced by <max> or earlier.
Call Stack (most recent call first):
  C:/Users/phyre/Desktop/Pandora/PandoraFiveM/vcpkg_installed/vcpkg/blds/curl/x64-windows-rel/CMakeFiles/3.31.2/CMakeSystem.cmake:6 (include)
  C:/Users/phyre/Desktop/Pandora/PandoraFiveM/vcpkg_installed/vcpkg/blds/curl/x64-windows-rel/CMakeFiles/CMakeScratch/TryCompile-evrk75/CMakeLists.txt:7 (project)


CMake Deprecation Warning at C:/Program Files/Microsoft Visual Studio/2022/Community/VC/vcpkg/scripts/buildsystems/vcpkg.cmake:878 (cmake_policy):
  Compatibility with CMake < 3.10 will be removed from a future version of
  CMake.

  Update the VERSION argument <min> value.  Or, use the <min>...<max> syntax
  to tell CMake that the project requires at least <min> but has been updated
  to work with policies introduced by <max> or earlier.
Call Stack (most recent call first):
  C:/Users/phyre/Desktop/Pandora/PandoraFiveM/vcpkg_installed/vcpkg/blds/curl/x64-windows-rel/CMakeFiles/3.31.2/CMakeSystem.cmake:6 (include)
  C:/Users/phyre/Desktop/Pandora/PandoraFiveM/vcpkg_installed/vcpkg/blds/curl/x64-windows-rel/CMakeFiles/CMakeScratch/TryCompile-evrk75/CMakeLists.txt:7 (project)


-- Check size of off_t - done
-- Check size of curl_off_t
CMake Deprecation Warning at C:/Program Files/Microsoft Visual Studio/2022/Community/VC/vcpkg/scripts/buildsystems/vcpkg.cmake:40 (cmake_policy):
  Compatibility with CMake < 3.10 will be removed from a future version of
  CMake.

  Update the VERSION argument <min> value.  Or, use the <min>...<max> syntax
  to tell CMake that the project requires at least <min> but has been updated
  to work with policies introduced by <max> or earlier.
Call Stack (most recent call first):
  C:/Users/phyre/Desktop/Pandora/PandoraFiveM/vcpkg_installed/vcpkg/blds/curl/x64-windows-rel/CMakeFiles/3.31.2/CMakeSystem.cmake:6 (include)
  C:/Users/phyre/Desktop/Pandora/PandoraFiveM/vcpkg_installed/vcpkg/blds/curl/x64-windows-rel/CMakeFiles/CMakeScratch/TryCompile-k8zfw3/CMakeLists.txt:7 (project)


CMake Deprecation Warning at C:/Program Files/Microsoft Visual Studio/2022/Community/VC/vcpkg/scripts/buildsystems/vcpkg.cmake:878 (cmake_policy):
  Compatibility with CMake < 3.10 will be removed from a future version of
  CMake.

  Update the VERSION argument <min> value.  Or, use the <min>...<max> syntax
  to tell CMake that the project requires at least <min> but has been updated
  to work with policies introduced by <max> or earlier.
Call Stack (most recent call first):
  C:/Users/phyre/Desktop/Pandora/PandoraFiveM/vcpkg_installed/vcpkg/blds/curl/x64-windows-rel/CMakeFiles/3.31.2/CMakeSystem.cmake:6 (include)
  C:/Users/phyre/Desktop/Pandora/PandoraFiveM/vcpkg_installed/vcpkg/blds/curl/x64-windows-rel/CMakeFiles/CMakeScratch/TryCompile-k8zfw3/CMakeLists.txt:7 (project)


-- Check size of curl_off_t - done
-- Check size of curl_socket_t
CMake Deprecation Warning at C:/Program Files/Microsoft Visual Studio/2022/Community/VC/vcpkg/scripts/buildsystems/vcpkg.cmake:40 (cmake_policy):
  Compatibility with CMake < 3.10 will be removed from a future version of
  CMake.

  Update the VERSION argument <min> value.  Or, use the <min>...<max> syntax
  to tell CMake that the project requires at least <min> but has been updated
  to work with policies introduced by <max> or earlier.
Call Stack (most recent call first):
  C:/Users/phyre/Desktop/Pandora/PandoraFiveM/vcpkg_installed/vcpkg/blds/curl/x64-windows-rel/CMakeFiles/3.31.2/CMakeSystem.cmake:6 (include)
  C:/Users/phyre/Desktop/Pandora/PandoraFiveM/vcpkg_installed/vcpkg/blds/curl/x64-windows-rel/CMakeFiles/CMakeScratch/TryCompile-onyqb4/CMakeLists.txt:7 (project)


CMake Deprecation Warning at C:/Program Files/Microsoft Visual Studio/2022/Community/VC/vcpkg/scripts/buildsystems/vcpkg.cmake:878 (cmake_policy):
  Compatibility with CMake < 3.10 will be removed from a future version of
  CMake.

  Update the VERSION argument <min> value.  Or, use the <min>...<max> syntax
  to tell CMake that the project requires at least <min> but has been updated
  to work with policies introduced by <max> or earlier.
Call Stack (most recent call first):
  C:/Users/phyre/Desktop/Pandora/PandoraFiveM/vcpkg_installed/vcpkg/blds/curl/x64-windows-rel/CMakeFiles/3.31.2/CMakeSystem.cmake:6 (include)
  C:/Users/phyre/Desktop/Pandora/PandoraFiveM/vcpkg_installed/vcpkg/blds/curl/x64-windows-rel/CMakeFiles/CMakeScratch/TryCompile-onyqb4/CMakeLists.txt:7 (project)


-- Check size of curl_socket_t - done
-- Enabled features: SSL IPv6 UnixSockets libz AsynchDNS Largefile SSPI alt-svc HSTS SPNEGO Kerberos NTLM HTTPS-proxy unicode threadsafe
-- Enabled protocols: DICT FILE FTP FTPS GOPHER GOPHERS HTTP HTTPS IMAP IMAPS IPFS IPNS MQTT POP3 POP3S RTSP SMB SMBS SMTP SMTPS TELNET TFTP
-- Enabled SSL backends: Schannel
-- Configuring done (18.1s)
-- Generating done (0.2s)
CMake Warning:
  Manually-specified variables were not used by the project:

    FETCHCONTENT_FULLY_DISCONNECTED
    PKG_CONFIG_EXECUTABLE
    _VCPKG_ROOT_DIR


-- Build files have been written to: C:/Users/phyre/Desktop/Pandora/PandoraFiveM/vcpkg_installed/vcpkg/blds/curl/x64-windows-rel
[2/2] "C:/Program Files/CMake/bin/cmake.exe" -E chdir "../../x64-windows-dbg" "C:/Program Files/CMake/bin/cmake.exe" "C:/Users/phyre/Desktop/Pandora/PandoraFiveM/vcpkg_installed/vcpkg/blds/curl/src/curl-8_8_0-2aeb14236b.clean" "-G" "Ninja" "-DCMAKE_BUILD_TYPE=Debug" "-DCMAKE_INSTALL_PREFIX=C:/Users/phyre/Desktop/Pandora/PandoraFiveM/vcpkg_installed/vcpkg/pkgs/curl_x64-windows/debug" "-DFETCHCONTENT_FULLY_DISCONNECTED=ON" "-DCMAKE_PROJECT_INCLUDE=C:/Users/phyre/AppData/Local/vcpkg/registries/git-trees/b4644cbe68d83d9778be65efb28cee3a3e0e4f46/cmake-project-include.cmake" "-DPKG_CONFIG_EXECUTABLE=C:/Users/phyre/AppData/Local/vcpkg/downloads/tools/msys2/d33df895d441a36d/mingw64/bin/pkg-config.exe" "-DUSE_NGHTTP2=OFF" "-DCURL_USE_WOLFSSL=OFF" "-DCURL_USE_OPENSSL=OFF" "-DCURL_USE_MBEDTLS=OFF" "-DCURL_USE_LIBSSH2=OFF" "-DBUILD_CURL_EXE=OFF" "-DENABLE_ARES=OFF" "-DCURL_WINDOWS_SSPI=ON" "-DCURL_BROTLI=OFF" "-DCURL_USE_SCHANNEL=ON" "-DCURL_USE_SECTRANSP=OFF" "-DUSE_LIBIDN2=OFF" "-DUSE_WIN32_IDN=OFF" "-DENABLE_WEBSOCKETS=OFF" "-DCURL_ZSTD=OFF" "-DCURL_USE_LIBPSL=OFF" "-DCURL_USE_GSSAPI=OFF" "-DCURL_DISABLE_LDAP=ON" "-DCURL_DISABLE_LDAPS=ON" "-DHTTP_ONLY=OFF" "-DENABLE_UNICODE=ON" "-DBUILD_TESTING=OFF" "-DENABLE_CURL_MANUAL=OFF" "-DCURL_CA_FALLBACK=ON" "-DCMAKE_DISABLE_FIND_PACKAGE_Perl=ON" "-DCMAKE_MAKE_PROGRAM=C:/Program Files/Microsoft Visual Studio/2022/Community/Common7/IDE/CommonExtensions/Microsoft/CMake/Ninja/ninja.exe" "-DBUILD_SHARED_LIBS=ON" "-DVCPKG_CHAINLOAD_TOOLCHAIN_FILE=C:/Program Files/Microsoft Visual Studio/2022/Community/VC/vcpkg/scripts/toolchains/windows.cmake" "-DVCPKG_TARGET_TRIPLET=x64-windows" "-DVCPKG_SET_CHARSET_FLAG=ON" "-DVCPKG_PLATFORM_TOOLSET=v143" "-DCMAKE_EXPORT_NO_PACKAGE_REGISTRY=ON" "-DCMAKE_FIND_PACKAGE_NO_PACKAGE_REGISTRY=ON" "-DCMAKE_FIND_PACKAGE_NO_SYSTEM_PACKAGE_REGISTRY=ON" "-DCMAKE_INSTALL_SYSTEM_RUNTIME_LIBS_SKIP=TRUE" "-DCMAKE_VERBOSE_MAKEFILE=ON" "-DVCPKG_APPLOCAL_DEPS=OFF" "-DCMAKE_TOOLCHAIN_FILE=C:/Program Files/Microsoft Visual Studio/2022/Community/VC/vcpkg/scripts/buildsystems/vcpkg.cmake" "-DCMAKE_ERROR_ON_ABSOLUTE_INSTALL_DESTINATION=ON" "-DVCPKG_CXX_FLAGS=" "-DVCPKG_CXX_FLAGS_RELEASE=" "-DVCPKG_CXX_FLAGS_DEBUG=" "-DVCPKG_C_FLAGS=" "-DVCPKG_C_FLAGS_RELEASE=" "-DVCPKG_C_FLAGS_DEBUG=" "-DVCPKG_CRT_LINKAGE=dynamic" "-DVCPKG_LINKER_FLAGS=" "-DVCPKG_LINKER_FLAGS_RELEASE=" "-DVCPKG_LINKER_FLAGS_DEBUG=" "-DVCPKG_TARGET_ARCHITECTURE=x64" "-DCMAKE_INSTALL_LIBDIR:STRING=lib" "-DCMAKE_INSTALL_BINDIR:STRING=bin" "-D_VCPKG_ROOT_DIR=C:/Program Files/Microsoft Visual Studio/2022/Community/VC/vcpkg" "-D_VCPKG_INSTALLED_DIR=C:/Users/phyre/Desktop/Pandora/PandoraFiveM/vcpkg_installed" "-DVCPKG_MANIFEST_INSTALL=OFF" "-DENABLE_DEBUG=ON"
-- Using CMake version 3.31.2
CMake Deprecation Warning at C:/Program Files/Microsoft Visual Studio/2022/Community/VC/vcpkg/scripts/buildsystems/vcpkg.cmake:40 (cmake_policy):
  Compatibility with CMake < 3.10 will be removed from a future version of
  CMake.

  Update the VERSION argument <min> value.  Or, use the <min>...<max> syntax
  to tell CMake that the project requires at least <min> but has been updated
  to work with policies introduced by <max> or earlier.
Call Stack (most recent call first):
  C:/Program Files/CMake/share/cmake-3.31/Modules/CMakeDetermineSystem.cmake:146 (include)
  CMakeLists.txt:55 (project)


CMake Deprecation Warning at C:/Program Files/Microsoft Visual Studio/2022/Community/VC/vcpkg/scripts/buildsystems/vcpkg.cmake:878 (cmake_policy):
  Compatibility with CMake < 3.10 will be removed from a future version of
  CMake.

  Update the VERSION argument <min> value.  Or, use the <min>...<max> syntax
  to tell CMake that the project requires at least <min> but has been updated
  to work with policies introduced by <max> or earlier.
Call Stack (most recent call first):
  C:/Program Files/CMake/share/cmake-3.31/Modules/CMakeDetermineSystem.cmake:146 (include)
  CMakeLists.txt:55 (project)


CMake Deprecation Warning at C:/Program Files/Microsoft Visual Studio/2022/Community/VC/vcpkg/scripts/buildsystems/vcpkg.cmake:40 (cmake_policy):
  Compatibility with CMake < 3.10 will be removed from a future version of
  CMake.

  Update the VERSION argument <min> value.  Or, use the <min>...<max> syntax
  to tell CMake that the project requires at least <min> but has been updated
  to work with policies introduced by <max> or earlier.
Call Stack (most recent call first):
  C:/Users/phyre/Desktop/Pandora/PandoraFiveM/vcpkg_installed/vcpkg/blds/curl/x64-windows-dbg/CMakeFiles/3.31.2/CMakeSystem.cmake:6 (include)
  CMakeLists.txt:55 (project)


-- The C compiler identification is MSVC 19.41.34123.0
-- Detecting C compiler ABI info
CMake Deprecation Warning at C:/Program Files/Microsoft Visual Studio/2022/Community/VC/vcpkg/scripts/buildsystems/vcpkg.cmake:40 (cmake_policy):
  Compatibility with CMake < 3.10 will be removed from a future version of
  CMake.

  Update the VERSION argument <min> value.  Or, use the <min>...<max> syntax
  to tell CMake that the project requires at least <min> but has been updated
  to work with policies introduced by <max> or earlier.
Call Stack (most recent call first):
  C:/Users/phyre/Desktop/Pandora/PandoraFiveM/vcpkg_installed/vcpkg/blds/curl/x64-windows-dbg/CMakeFiles/3.31.2/CMakeSystem.cmake:6 (include)
  C:/Users/phyre/Desktop/Pandora/PandoraFiveM/vcpkg_installed/vcpkg/blds/curl/x64-windows-dbg/CMakeFiles/CMakeScratch/TryCompile-wqygek/CMakeLists.txt:7 (project)


CMake Deprecation Warning at C:/Program Files/Microsoft Visual Studio/2022/Community/VC/vcpkg/scripts/buildsystems/vcpkg.cmake:878 (cmake_policy):
  Compatibility with CMake < 3.10 will be removed from a future version of
  CMake.

  Update the VERSION argument <min> value.  Or, use the <min>...<max> syntax
  to tell CMake that the project requires at least <min> but has been updated
  to work with policies introduced by <max> or earlier.
Call Stack (most recent call first):
  C:/Users/phyre/Desktop/Pandora/PandoraFiveM/vcpkg_installed/vcpkg/blds/curl/x64-windows-dbg/CMakeFiles/3.31.2/CMakeSystem.cmake:6 (include)
  C:/Users/phyre/Desktop/Pandora/PandoraFiveM/vcpkg_installed/vcpkg/blds/curl/x64-windows-dbg/CMakeFiles/CMakeScratch/TryCompile-wqygek/CMakeLists.txt:7 (project)


-- Detecting C compiler ABI info - done
-- Check for working C compiler: C:/Program Files/Microsoft Visual Studio/2022/Community/VC/Tools/MSVC/14.41.34120/bin/Hostx64/x64/cl.exe - skipped
-- Detecting C compile features
-- Detecting C compile features - done
-- curl version=[8.8.0-DEV]
CMake Warning at CMakeLists.txt:323 (message):
  Perl not found.  Will not build manuals.


-- Found ZLIB: optimized;C:/Users/phyre/Desktop/Pandora/PandoraFiveM/vcpkg_installed/x64-windows/lib/zlib.lib;debug;C:/Users/phyre/Desktop/Pandora/PandoraFiveM/vcpkg_installed/x64-windows/debug/lib/zlibd.lib (found version "1.3.1")
-- Performing Test HAVE_WIN32_WINNT
CMake Deprecation Warning at C:/Program Files/Microsoft Visual Studio/2022/Community/VC/vcpkg/scripts/buildsystems/vcpkg.cmake:40 (cmake_policy):
  Compatibility with CMake < 3.10 will be removed from a future version of
  CMake.

  Update the VERSION argument <min> value.  Or, use the <min>...<max> syntax
  to tell CMake that the project requires at least <min> but has been updated
  to work with policies introduced by <max> or earlier.
Call Stack (most recent call first):
  C:/Users/phyre/Desktop/Pandora/PandoraFiveM/vcpkg_installed/vcpkg/blds/curl/x64-windows-dbg/CMakeFiles/3.31.2/CMakeSystem.cmake:6 (include)
  C:/Users/phyre/Desktop/Pandora/PandoraFiveM/vcpkg_installed/vcpkg/blds/curl/x64-windows-dbg/CMakeFiles/CMakeTmp/CMakeLists.txt:7 (project)


CMake Deprecation Warning at C:/Program Files/Microsoft Visual Studio/2022/Community/VC/vcpkg/scripts/buildsystems/vcpkg.cmake:878 (cmake_policy):
  Compatibility with CMake < 3.10 will be removed from a future version of
  CMake.

  Update the VERSION argument <min> value.  Or, use the <min>...<max> syntax
  to tell CMake that the project requires at least <min> but has been updated
  to work with policies introduced by <max> or earlier.
Call Stack (most recent call first):
  C:/Users/phyre/Desktop/Pandora/PandoraFiveM/vcpkg_installed/vcpkg/blds/curl/x64-windows-dbg/CMakeFiles/3.31.2/CMakeSystem.cmake:6 (include)
  C:/Users/phyre/Desktop/Pandora/PandoraFiveM/vcpkg_installed/vcpkg/blds/curl/x64-windows-dbg/CMakeFiles/CMakeTmp/CMakeLists.txt:7 (project)


-- Performing Test HAVE_WIN32_WINNT - Success
-- Found _WIN32_WINNT=0x0a00
-- Looking for stdint.h
CMake Deprecation Warning at C:/Program Files/Microsoft Visual Studio/2022/Community/VC/vcpkg/scripts/buildsystems/vcpkg.cmake:40 (cmake_policy):
  Compatibility with CMake < 3.10 will be removed from a future version of
  CMake.

  Update the VERSION argument <min> value.  Or, use the <min>...<max> syntax
  to tell CMake that the project requires at least <min> but has been updated
  to work with policies introduced by <max> or earlier.
Call Stack (most recent call first):
  C:/Users/phyre/Desktop/Pandora/PandoraFiveM/vcpkg_installed/vcpkg/blds/curl/x64-windows-dbg/CMakeFiles/3.31.2/CMakeSystem.cmake:6 (include)
  C:/Users/phyre/Desktop/Pandora/PandoraFiveM/vcpkg_installed/vcpkg/blds/curl/x64-windows-dbg/CMakeFiles/CMakeScratch/TryCompile-p35eru/CMakeLists.txt:7 (project)


CMake Deprecation Warning at C:/Program Files/Microsoft Visual Studio/2022/Community/VC/vcpkg/scripts/buildsystems/vcpkg.cmake:878 (cmake_policy):
  Compatibility with CMake < 3.10 will be removed from a future version of
  CMake.

  Update the VERSION argument <min> value.  Or, use the <min>...<max> syntax
  to tell CMake that the project requires at least <min> but has been updated
  to work with policies introduced by <max> or earlier.
Call Stack (most recent call first):
  C:/Users/phyre/Desktop/Pandora/PandoraFiveM/vcpkg_installed/vcpkg/blds/curl/x64-windows-dbg/CMakeFiles/3.31.2/CMakeSystem.cmake:6 (include)
  C:/Users/phyre/Desktop/Pandora/PandoraFiveM/vcpkg_installed/vcpkg/blds/curl/x64-windows-dbg/CMakeFiles/CMakeScratch/TryCompile-p35eru/CMakeLists.txt:7 (project)


-- Looking for stdint.h - found
-- Check size of size_t
CMake Deprecation Warning at C:/Program Files/Microsoft Visual Studio/2022/Community/VC/vcpkg/scripts/buildsystems/vcpkg.cmake:40 (cmake_policy):
  Compatibility with CMake < 3.10 will be removed from a future version of
  CMake.

  Update the VERSION argument <min> value.  Or, use the <min>...<max> syntax
  to tell CMake that the project requires at least <min> but has been updated
  to work with policies introduced by <max> or earlier.
Call Stack (most recent call first):
  C:/Users/phyre/Desktop/Pandora/PandoraFiveM/vcpkg_installed/vcpkg/blds/curl/x64-windows-dbg/CMakeFiles/3.31.2/CMakeSystem.cmake:6 (include)
  C:/Users/phyre/Desktop/Pandora/PandoraFiveM/vcpkg_installed/vcpkg/blds/curl/x64-windows-dbg/CMakeFiles/CMakeScratch/TryCompile-lo7elg/CMakeLists.txt:7 (project)


CMake Deprecation Warning at C:/Program Files/Microsoft Visual Studio/2022/Community/VC/vcpkg/scripts/buildsystems/vcpkg.cmake:878 (cmake_policy):
  Compatibility with CMake < 3.10 will be removed from a future version of
  CMake.

  Update the VERSION argument <min> value.  Or, use the <min>...<max> syntax
  to tell CMake that the project requires at least <min> but has been updated
  to work with policies introduced by <max> or earlier.
Call Stack (most recent call first):
  C:/Users/phyre/Desktop/Pandora/PandoraFiveM/vcpkg_installed/vcpkg/blds/curl/x64-windows-dbg/CMakeFiles/3.31.2/CMakeSystem.cmake:6 (include)
  C:/Users/phyre/Desktop/Pandora/PandoraFiveM/vcpkg_installed/vcpkg/blds/curl/x64-windows-dbg/CMakeFiles/CMakeScratch/TryCompile-lo7elg/CMakeLists.txt:7 (project)


-- Check size of size_t - done
-- Check size of ssize_t
CMake Deprecation Warning at C:/Program Files/Microsoft Visual Studio/2022/Community/VC/vcpkg/scripts/buildsystems/vcpkg.cmake:40 (cmake_policy):
  Compatibility with CMake < 3.10 will be removed from a future version of
  CMake.

  Update the VERSION argument <min> value.  Or, use the <min>...<max> syntax
  to tell CMake that the project requires at least <min> but has been updated
  to work with policies introduced by <max> or earlier.
Call Stack (most recent call first):
  C:/Users/phyre/Desktop/Pandora/PandoraFiveM/vcpkg_installed/vcpkg/blds/curl/x64-windows-dbg/CMakeFiles/3.31.2/CMakeSystem.cmake:6 (include)
  C:/Users/phyre/Desktop/Pandora/PandoraFiveM/vcpkg_installed/vcpkg/blds/curl/x64-windows-dbg/CMakeFiles/CMakeScratch/TryCompile-06cwaj/CMakeLists.txt:7 (project)


CMake Deprecation Warning at C:/Program Files/Microsoft Visual Studio/2022/Community/VC/vcpkg/scripts/buildsystems/vcpkg.cmake:878 (cmake_policy):
  Compatibility with CMake < 3.10 will be removed from a future version of
  CMake.

  Update the VERSION argument <min> value.  Or, use the <min>...<max> syntax
  to tell CMake that the project requires at least <min> but has been updated
  to work with policies introduced by <max> or earlier.
Call Stack (most recent call first):
  C:/Users/phyre/Desktop/Pandora/PandoraFiveM/vcpkg_installed/vcpkg/blds/curl/x64-windows-dbg/CMakeFiles/3.31.2/CMakeSystem.cmake:6 (include)
  C:/Users/phyre/Desktop/Pandora/PandoraFiveM/vcpkg_installed/vcpkg/blds/curl/x64-windows-dbg/CMakeFiles/CMakeScratch/TryCompile-06cwaj/CMakeLists.txt:7 (project)


-- Check size of ssize_t - failed
-- Check size of long long
CMake Deprecation Warning at C:/Program Files/Microsoft Visual Studio/2022/Community/VC/vcpkg/scripts/buildsystems/vcpkg.cmake:40 (cmake_policy):
  Compatibility with CMake < 3.10 will be removed from a future version of
  CMake.

  Update the VERSION argument <min> value.  Or, use the <min>...<max> syntax
  to tell CMake that the project requires at least <min> but has been updated
  to work with policies introduced by <max> or earlier.
Call Stack (most recent call first):
  C:/Users/phyre/Desktop/Pandora/PandoraFiveM/vcpkg_installed/vcpkg/blds/curl/x64-windows-dbg/CMakeFiles/3.31.2/CMakeSystem.cmake:6 (include)
  C:/Users/phyre/Desktop/Pandora/PandoraFiveM/vcpkg_installed/vcpkg/blds/curl/x64-windows-dbg/CMakeFiles/CMakeScratch/TryCompile-vvdyv7/CMakeLists.txt:7 (project)


CMake Deprecation Warning at C:/Program Files/Microsoft Visual Studio/2022/Community/VC/vcpkg/scripts/buildsystems/vcpkg.cmake:878 (cmake_policy):
  Compatibility with CMake < 3.10 will be removed from a future version of
  CMake.

  Update the VERSION argument <min> value.  Or, use the <min>...<max> syntax
  to tell CMake that the project requires at least <min> but has been updated
  to work with policies introduced by <max> or earlier.
Call Stack (most recent call first):
  C:/Users/phyre/Desktop/Pandora/PandoraFiveM/vcpkg_installed/vcpkg/blds/curl/x64-windows-dbg/CMakeFiles/3.31.2/CMakeSystem.cmake:6 (include)
  C:/Users/phyre/Desktop/Pandora/PandoraFiveM/vcpkg_installed/vcpkg/blds/curl/x64-windows-dbg/CMakeFiles/CMakeScratch/TryCompile-vvdyv7/CMakeLists.txt:7 (project)


-- Check size of long long - done
-- Check size of long
CMake Deprecation Warning at C:/Program Files/Microsoft Visual Studio/2022/Community/VC/vcpkg/scripts/buildsystems/vcpkg.cmake:40 (cmake_policy):
  Compatibility with CMake < 3.10 will be removed from a future version of
  CMake.

  Update the VERSION argument <min> value.  Or, use the <min>...<max> syntax
  to tell CMake that the project requires at least <min> but has been updated
  to work with policies introduced by <max> or earlier.
Call Stack (most recent call first):
  C:/Users/phyre/Desktop/Pandora/PandoraFiveM/vcpkg_installed/vcpkg/blds/curl/x64-windows-dbg/CMakeFiles/3.31.2/CMakeSystem.cmake:6 (include)
  C:/Users/phyre/Desktop/Pandora/PandoraFiveM/vcpkg_installed/vcpkg/blds/curl/x64-windows-dbg/CMakeFiles/CMakeScratch/TryCompile-oydhzk/CMakeLists.txt:7 (project)


CMake Deprecation Warning at C:/Program Files/Microsoft Visual Studio/2022/Community/VC/vcpkg/scripts/buildsystems/vcpkg.cmake:878 (cmake_policy):
  Compatibility with CMake < 3.10 will be removed from a future version of
  CMake.

  Update the VERSION argument <min> value.  Or, use the <min>...<max> syntax
  to tell CMake that the project requires at least <min> but has been updated
  to work with policies introduced by <max> or earlier.
Call Stack (most recent call first):
  C:/Users/phyre/Desktop/Pandora/PandoraFiveM/vcpkg_installed/vcpkg/blds/curl/x64-windows-dbg/CMakeFiles/3.31.2/CMakeSystem.cmake:6 (include)
  C:/Users/phyre/Desktop/Pandora/PandoraFiveM/vcpkg_installed/vcpkg/blds/curl/x64-windows-dbg/CMakeFiles/CMakeScratch/TryCompile-oydhzk/CMakeLists.txt:7 (project)


-- Check size of long - done
-- Check size of int
CMake Deprecation Warning at C:/Program Files/Microsoft Visual Studio/2022/Community/VC/vcpkg/scripts/buildsystems/vcpkg.cmake:40 (cmake_policy):
  Compatibility with CMake < 3.10 will be removed from a future version of
  CMake.

  Update the VERSION argument <min> value.  Or, use the <min>...<max> syntax
  to tell CMake that the project requires at least <min> but has been updated
  to work with policies introduced by <max> or earlier.
Call Stack (most recent call first):
  C:/Users/phyre/Desktop/Pandora/PandoraFiveM/vcpkg_installed/vcpkg/blds/curl/x64-windows-dbg/CMakeFiles/3.31.2/CMakeSystem.cmake:6 (include)
  C:/Users/phyre/Desktop/Pandora/PandoraFiveM/vcpkg_installed/vcpkg/blds/curl/x64-windows-dbg/CMakeFiles/CMakeScratch/TryCompile-jyiflz/CMakeLists.txt:7 (project)


CMake Deprecation Warning at C:/Program Files/Microsoft Visual Studio/2022/Community/VC/vcpkg/scripts/buildsystems/vcpkg.cmake:878 (cmake_policy):
  Compatibility with CMake < 3.10 will be removed from a future version of
  CMake.

  Update the VERSION argument <min> value.  Or, use the <min>...<max> syntax
  to tell CMake that the project requires at least <min> but has been updated
  to work with policies introduced by <max> or earlier.
Call Stack (most recent call first):
  C:/Users/phyre/Desktop/Pandora/PandoraFiveM/vcpkg_installed/vcpkg/blds/curl/x64-windows-dbg/CMakeFiles/3.31.2/CMakeSystem.cmake:6 (include)
  C:/Users/phyre/Desktop/Pandora/PandoraFiveM/vcpkg_installed/vcpkg/blds/curl/x64-windows-dbg/CMakeFiles/CMakeScratch/TryCompile-jyiflz/CMakeLists.txt:7 (project)


-- Check size of int - done
-- Check size of __int64
CMake Deprecation Warning at C:/Program Files/Microsoft Visual Studio/2022/Community/VC/vcpkg/scripts/buildsystems/vcpkg.cmake:40 (cmake_policy):
  Compatibility with CMake < 3.10 will be removed from a future version of
  CMake.

  Update the VERSION argument <min> value.  Or, use the <min>...<max> syntax
  to tell CMake that the project requires at least <min> but has been updated
  to work with policies introduced by <max> or earlier.
Call Stack (most recent call first):
  C:/Users/phyre/Desktop/Pandora/PandoraFiveM/vcpkg_installed/vcpkg/blds/curl/x64-windows-dbg/CMakeFiles/3.31.2/CMakeSystem.cmake:6 (include)
  C:/Users/phyre/Desktop/Pandora/PandoraFiveM/vcpkg_installed/vcpkg/blds/curl/x64-windows-dbg/CMakeFiles/CMakeScratch/TryCompile-9yzxnb/CMakeLists.txt:7 (project)


CMake Deprecation Warning at C:/Program Files/Microsoft Visual Studio/2022/Community/VC/vcpkg/scripts/buildsystems/vcpkg.cmake:878 (cmake_policy):
  Compatibility with CMake < 3.10 will be removed from a future version of
  CMake.

  Update the VERSION argument <min> value.  Or, use the <min>...<max> syntax
  to tell CMake that the project requires at least <min> but has been updated
  to work with policies introduced by <max> or earlier.
Call Stack (most recent call first):
  C:/Users/phyre/Desktop/Pandora/PandoraFiveM/vcpkg_installed/vcpkg/blds/curl/x64-windows-dbg/CMakeFiles/3.31.2/CMakeSystem.cmake:6 (include)
  C:/Users/phyre/Desktop/Pandora/PandoraFiveM/vcpkg_installed/vcpkg/blds/curl/x64-windows-dbg/CMakeFiles/CMakeScratch/TryCompile-9yzxnb/CMakeLists.txt:7 (project)


-- Check size of __int64 - done
-- Check size of time_t
CMake Deprecation Warning at C:/Program Files/Microsoft Visual Studio/2022/Community/VC/vcpkg/scripts/buildsystems/vcpkg.cmake:40 (cmake_policy):
  Compatibility with CMake < 3.10 will be removed from a future version of
  CMake.

  Update the VERSION argument <min> value.  Or, use the <min>...<max> syntax
  to tell CMake that the project requires at least <min> but has been updated
  to work with policies introduced by <max> or earlier.
Call Stack (most recent call first):
  C:/Users/phyre/Desktop/Pandora/PandoraFiveM/vcpkg_installed/vcpkg/blds/curl/x64-windows-dbg/CMakeFiles/3.31.2/CMakeSystem.cmake:6 (include)
  C:/Users/phyre/Desktop/Pandora/PandoraFiveM/vcpkg_installed/vcpkg/blds/curl/x64-windows-dbg/CMakeFiles/CMakeScratch/TryCompile-6crpum/CMakeLists.txt:7 (project)


CMake Deprecation Warning at C:/Program Files/Microsoft Visual Studio/2022/Community/VC/vcpkg/scripts/buildsystems/vcpkg.cmake:878 (cmake_policy):
  Compatibility with CMake < 3.10 will be removed from a future version of
  CMake.

  Update the VERSION argument <min> value.  Or, use the <min>...<max> syntax
  to tell CMake that the project requires at least <min> but has been updated
  to work with policies introduced by <max> or earlier.
Call Stack (most recent call first):
  C:/Users/phyre/Desktop/Pandora/PandoraFiveM/vcpkg_installed/vcpkg/blds/curl/x64-windows-dbg/CMakeFiles/3.31.2/CMakeSystem.cmake:6 (include)
  C:/Users/phyre/Desktop/Pandora/PandoraFiveM/vcpkg_installed/vcpkg/blds/curl/x64-windows-dbg/CMakeFiles/CMakeScratch/TryCompile-6crpum/CMakeLists.txt:7 (project)


-- Check size of time_t - done
-- Check size of ADDRESS_FAMILY
CMake Deprecation Warning at C:/Program Files/Microsoft Visual Studio/2022/Community/VC/vcpkg/scripts/buildsystems/vcpkg.cmake:40 (cmake_policy):
  Compatibility with CMake < 3.10 will be removed from a future version of
  CMake.

  Update the VERSION argument <min> value.  Or, use the <min>...<max> syntax
  to tell CMake that the project requires at least <min> but has been updated
  to work with policies introduced by <max> or earlier.
Call Stack (most recent call first):
  C:/Users/phyre/Desktop/Pandora/PandoraFiveM/vcpkg_installed/vcpkg/blds/curl/x64-windows-dbg/CMakeFiles/3.31.2/CMakeSystem.cmake:6 (include)
  C:/Users/phyre/Desktop/Pandora/PandoraFiveM/vcpkg_installed/vcpkg/blds/curl/x64-windows-dbg/CMakeFiles/CMakeScratch/TryCompile-24ly6f/CMakeLists.txt:7 (project)


CMake Deprecation Warning at C:/Program Files/Microsoft Visual Studio/2022/Community/VC/vcpkg/scripts/buildsystems/vcpkg.cmake:878 (cmake_policy):
  Compatibility with CMake < 3.10 will be removed from a future version of
  CMake.

  Update the VERSION argument <min> value.  Or, use the <min>...<max> syntax
  to tell CMake that the project requires at least <min> but has been updated
  to work with policies introduced by <max> or earlier.
Call Stack (most recent call first):
  C:/Users/phyre/Desktop/Pandora/PandoraFiveM/vcpkg_installed/vcpkg/blds/curl/x64-windows-dbg/CMakeFiles/3.31.2/CMakeSystem.cmake:6 (include)
  C:/Users/phyre/Desktop/Pandora/PandoraFiveM/vcpkg_installed/vcpkg/blds/curl/x64-windows-dbg/CMakeFiles/CMakeScratch/TryCompile-24ly6f/CMakeLists.txt:7 (project)


-- Check size of ADDRESS_FAMILY - done
-- Check size of off_t
CMake Deprecation Warning at C:/Program Files/Microsoft Visual Studio/2022/Community/VC/vcpkg/scripts/buildsystems/vcpkg.cmake:40 (cmake_policy):
  Compatibility with CMake < 3.10 will be removed from a future version of
  CMake.

  Update the VERSION argument <min> value.  Or, use the <min>...<max> syntax
  to tell CMake that the project requires at least <min> but has been updated
  to work with policies introduced by <max> or earlier.
Call Stack (most recent call first):
  C:/Users/phyre/Desktop/Pandora/PandoraFiveM/vcpkg_installed/vcpkg/blds/curl/x64-windows-dbg/CMakeFiles/3.31.2/CMakeSystem.cmake:6 (include)
  C:/Users/phyre/Desktop/Pandora/PandoraFiveM/vcpkg_installed/vcpkg/blds/curl/x64-windows-dbg/CMakeFiles/CMakeScratch/TryCompile-1klyhf/CMakeLists.txt:7 (project)


CMake Deprecation Warning at C:/Program Files/Microsoft Visual Studio/2022/Community/VC/vcpkg/scripts/buildsystems/vcpkg.cmake:878 (cmake_policy):
  Compatibility with CMake < 3.10 will be removed from a future version of
  CMake.

  Update the VERSION argument <min> value.  Or, use the <min>...<max> syntax
  to tell CMake that the project requires at least <min> but has been updated
  to work with policies introduced by <max> or earlier.
Call Stack (most recent call first):
  C:/Users/phyre/Desktop/Pandora/PandoraFiveM/vcpkg_installed/vcpkg/blds/curl/x64-windows-dbg/CMakeFiles/3.31.2/CMakeSystem.cmake:6 (include)
  C:/Users/phyre/Desktop/Pandora/PandoraFiveM/vcpkg_installed/vcpkg/blds/curl/x64-windows-dbg/CMakeFiles/CMakeScratch/TryCompile-1klyhf/CMakeLists.txt:7 (project)


-- Check size of off_t - done
-- Check size of curl_off_t
CMake Deprecation Warning at C:/Program Files/Microsoft Visual Studio/2022/Community/VC/vcpkg/scripts/buildsystems/vcpkg.cmake:40 (cmake_policy):
  Compatibility with CMake < 3.10 will be removed from a future version of
  CMake.

  Update the VERSION argument <min> value.  Or, use the <min>...<max> syntax
  to tell CMake that the project requires at least <min> but has been updated
  to work with policies introduced by <max> or earlier.
Call Stack (most recent call first):
  C:/Users/phyre/Desktop/Pandora/PandoraFiveM/vcpkg_installed/vcpkg/blds/curl/x64-windows-dbg/CMakeFiles/3.31.2/CMakeSystem.cmake:6 (include)
  C:/Users/phyre/Desktop/Pandora/PandoraFiveM/vcpkg_installed/vcpkg/blds/curl/x64-windows-dbg/CMakeFiles/CMakeScratch/TryCompile-4wwlnc/CMakeLists.txt:7 (project)


CMake Deprecation Warning at C:/Program Files/Microsoft Visual Studio/2022/Community/VC/vcpkg/scripts/buildsystems/vcpkg.cmake:878 (cmake_policy):
  Compatibility with CMake < 3.10 will be removed from a future version of
  CMake.

  Update the VERSION argument <min> value.  Or, use the <min>...<max> syntax
  to tell CMake that the project requires at least <min> but has been updated
  to work with policies introduced by <max> or earlier.
Call Stack (most recent call first):
  C:/Users/phyre/Desktop/Pandora/PandoraFiveM/vcpkg_installed/vcpkg/blds/curl/x64-windows-dbg/CMakeFiles/3.31.2/CMakeSystem.cmake:6 (include)
  C:/Users/phyre/Desktop/Pandora/PandoraFiveM/vcpkg_installed/vcpkg/blds/curl/x64-windows-dbg/CMakeFiles/CMakeScratch/TryCompile-4wwlnc/CMakeLists.txt:7 (project)


-- Check size of curl_off_t - done
-- Check size of curl_socket_t
CMake Deprecation Warning at C:/Program Files/Microsoft Visual Studio/2022/Community/VC/vcpkg/scripts/buildsystems/vcpkg.cmake:40 (cmake_policy):
  Compatibility with CMake < 3.10 will be removed from a future version of
  CMake.

  Update the VERSION argument <min> value.  Or, use the <min>...<max> syntax
  to tell CMake that the project requires at least <min> but has been updated
  to work with policies introduced by <max> or earlier.
Call Stack (most recent call first):
  C:/Users/phyre/Desktop/Pandora/PandoraFiveM/vcpkg_installed/vcpkg/blds/curl/x64-windows-dbg/CMakeFiles/3.31.2/CMakeSystem.cmake:6 (include)
  C:/Users/phyre/Desktop/Pandora/PandoraFiveM/vcpkg_installed/vcpkg/blds/curl/x64-windows-dbg/CMakeFiles/CMakeScratch/TryCompile-sgcet5/CMakeLists.txt:7 (project)


CMake Deprecation Warning at C:/Program Files/Microsoft Visual Studio/2022/Community/VC/vcpkg/scripts/buildsystems/vcpkg.cmake:878 (cmake_policy):
  Compatibility with CMake < 3.10 will be removed from a future version of
  CMake.

  Update the VERSION argument <min> value.  Or, use the <min>...<max> syntax
  to tell CMake that the project requires at least <min> but has been updated
  to work with policies introduced by <max> or earlier.
Call Stack (most recent call first):
  C:/Users/phyre/Desktop/Pandora/PandoraFiveM/vcpkg_installed/vcpkg/blds/curl/x64-windows-dbg/CMakeFiles/3.31.2/CMakeSystem.cmake:6 (include)
  C:/Users/phyre/Desktop/Pandora/PandoraFiveM/vcpkg_installed/vcpkg/blds/curl/x64-windows-dbg/CMakeFiles/CMakeScratch/TryCompile-sgcet5/CMakeLists.txt:7 (project)


-- Check size of curl_socket_t - done
-- Enabled features: SSL IPv6 UnixSockets libz AsynchDNS Largefile SSPI alt-svc HSTS SPNEGO Kerberos NTLM HTTPS-proxy unicode threadsafe
-- Enabled protocols: DICT FILE FTP FTPS GOPHER GOPHERS HTTP HTTPS IMAP IMAPS IPFS IPNS MQTT POP3 POP3S RTSP SMB SMBS SMTP SMTPS TELNET TFTP
-- Enabled SSL backends: Schannel
-- Configuring done (18.1s)
-- Generating done (0.3s)
CMake Warning:
  Manually-specified variables were not used by the project:

    FETCHCONTENT_FULLY_DISCONNECTED
    PKG_CONFIG_EXECUTABLE
    _VCPKG_ROOT_DIR


-- Build files have been written to: C:/Users/phyre/Desktop/Pandora/PandoraFiveM/vcpkg_installed/vcpkg/blds/curl/x64-windows-dbg
