-- Downloading https://github.com/madler/zlib/archive/v1.3.1.tar.gz -> madler-zlib-v1.3.1.tar.gz...
-- Extracting source C:/Users/phyre/AppData/Local/vcpkg/downloads/madler-zlib-v1.3.1.tar.gz
-- Applying patch 0001-Prevent-invalid-inclusions-when-HAVE_-is-set-to-0.patch
-- Applying patch 0002-build-static-or-shared-not-both.patch
-- Applying patch 0003-android-and-mingw-fixes.patch
-- Using source at C:/Users/phyre/Desktop/Pandora/PandoraFiveM/vcpkg_installed/vcpkg/blds/zlib/src/v1.3.1-2e5db616bf.clean
CMake Warning (dev) at scripts/cmake/vcpkg_find_acquire_program.cmake:70 (cmake_parse_arguments):
  The INTERPRETER keyword was followed by an empty string or no value at all.
  Policy CMP0174 is not set, so cmake_parse_arguments() will unset the
  arg_INTERPRETER variable rather than setting it to an empty string.
Call Stack (most recent call first):
  scripts/cmake/vcpkg_find_acquire_program.cmake:143 (z_vcpkg_find_acquire_program_find_internal)
  C:/Users/phyre/Desktop/Pandora/PandoraFiveM/vcpkg_installed/x64-windows/share/vcpkg-cmake/vcpkg_cmake_configure.cmake:113 (vcpkg_find_acquire_program)
  C:/Users/phyre/AppData/Local/vcpkg/registries/git-trees/3f05e04b9aededb96786a911a16193cdb711f0c9/portfile.cmake:17 (vcpkg_cmake_configure)
  scripts/ports.cmake:175 (include)
This warning is for project developers.  Use -Wno-dev to suppress it.

CMake Warning (dev) at scripts/cmake/vcpkg_find_acquire_program.cmake:30 (cmake_parse_arguments):
  The INTERPRETER keyword was followed by an empty string or no value at all.
  Policy CMP0174 is not set, so cmake_parse_arguments() will unset the
  arg_INTERPRETER variable rather than setting it to an empty string.
Call Stack (most recent call first):
  scripts/cmake/vcpkg_find_acquire_program.cmake:149 (z_vcpkg_find_acquire_program_find_external)
  C:/Users/phyre/Desktop/Pandora/PandoraFiveM/vcpkg_installed/x64-windows/share/vcpkg-cmake/vcpkg_cmake_configure.cmake:113 (vcpkg_find_acquire_program)
  C:/Users/phyre/AppData/Local/vcpkg/registries/git-trees/3f05e04b9aededb96786a911a16193cdb711f0c9/portfile.cmake:17 (vcpkg_cmake_configure)
  scripts/ports.cmake:175 (include)
This warning is for project developers.  Use -Wno-dev to suppress it.

-- Found external ninja('1.11.0').
-- Configuring x64-windows
-- Building x64-windows-dbg
-- Building x64-windows-rel
-- Installing: C:/Users/phyre/Desktop/Pandora/PandoraFiveM/vcpkg_installed/vcpkg/pkgs/zlib_x64-windows/share/zlib/vcpkg-cmake-wrapper.cmake
-- Fixing pkgconfig file: C:/Users/phyre/Desktop/Pandora/PandoraFiveM/vcpkg_installed/vcpkg/pkgs/zlib_x64-windows/lib/pkgconfig/zlib.pc
-- Downloading https://mirror.msys2.org/mingw/mingw64/mingw-w64-x86_64-pkgconf-1~2.2.0-1-any.pkg.tar.zst;https://repo.msys2.org/mingw/mingw64/mingw-w64-x86_64-pkgconf-1~2.2.0-1-any.pkg.tar.zst;https://mirror.yandex.ru/mirrors/msys2/mingw/mingw64/mingw-w64-x86_64-pkgconf-1~2.2.0-1-any.pkg.tar.zst;https://mirrors.tuna.tsinghua.edu.cn/msys2/mingw/mingw64/mingw-w64-x86_64-pkgconf-1~2.2.0-1-any.pkg.tar.zst;https://mirrors.ustc.edu.cn/msys2/mingw/mingw64/mingw-w64-x86_64-pkgconf-1~2.2.0-1-any.pkg.tar.zst;https://mirror.selfnet.de/msys2/mingw/mingw64/mingw-w64-x86_64-pkgconf-1~2.2.0-1-any.pkg.tar.zst -> msys2-mingw-w64-x86_64-pkgconf-1~2.2.0-1-any.pkg.tar.zst...
-- Downloading https://mirror.msys2.org/msys/x86_64/msys2-runtime-3.4.10-4-x86_64.pkg.tar.zst;https://repo.msys2.org/msys/x86_64/msys2-runtime-3.4.10-4-x86_64.pkg.tar.zst;https://mirror.yandex.ru/mirrors/msys2/msys/x86_64/msys2-runtime-3.4.10-4-x86_64.pkg.tar.zst;https://mirrors.tuna.tsinghua.edu.cn/msys2/msys/x86_64/msys2-runtime-3.4.10-4-x86_64.pkg.tar.zst;https://mirrors.ustc.edu.cn/msys2/msys/x86_64/msys2-runtime-3.4.10-4-x86_64.pkg.tar.zst;https://mirror.selfnet.de/msys2/msys/x86_64/msys2-runtime-3.4.10-4-x86_64.pkg.tar.zst -> msys2-msys2-runtime-3.4.10-4-x86_64.pkg.tar.zst...
-- Using msys root at C:/Users/phyre/AppData/Local/vcpkg/downloads/tools/msys2/d33df895d441a36d
CMake Warning (dev) at scripts/cmake/vcpkg_find_acquire_program.cmake:70 (cmake_parse_arguments):
  The INTERPRETER keyword was followed by an empty string or no value at all.
  Policy CMP0174 is not set, so cmake_parse_arguments() will unset the
  arg_INTERPRETER variable rather than setting it to an empty string.
Call Stack (most recent call first):
  scripts/cmake/vcpkg_find_acquire_program.cmake:143 (z_vcpkg_find_acquire_program_find_internal)
  scripts/cmake/vcpkg_fixup_pkgconfig.cmake:193 (vcpkg_find_acquire_program)
  C:/Users/phyre/AppData/Local/vcpkg/registries/git-trees/3f05e04b9aededb96786a911a16193cdb711f0c9/portfile.cmake:43 (vcpkg_fixup_pkgconfig)
  scripts/ports.cmake:175 (include)
This warning is for project developers.  Use -Wno-dev to suppress it.

-- Fixing pkgconfig file: C:/Users/phyre/Desktop/Pandora/PandoraFiveM/vcpkg_installed/vcpkg/pkgs/zlib_x64-windows/debug/lib/pkgconfig/zlib.pc
-- Installing: C:/Users/phyre/Desktop/Pandora/PandoraFiveM/vcpkg_installed/vcpkg/pkgs/zlib_x64-windows/share/zlib/copyright
-- Performing post-build validation
